<?xml version="1.0" encoding="UTF-8"?>
<testsuite xmlns:xsi="http://www.w3.org/2001/XMLSchema-instance" xsi:noNamespaceSchemaLocation="https://maven.apache.org/surefire/maven-surefire-plugin/xsd/surefire-test-report-3.0.xsd" version="3.0" name="guru.springframework.msscbeerservice.web.model.BeerJsonSnakeTest" time="0.132" tests="1" errors="0" skipped="0" failures="0">
  <properties>
    <property name="java.specification.version" value="17"/>
    <property name="sun.jnu.encoding" value="UTF-8"/>
    <property name="java.class.path" value="/Users/55154M/IdeaProjects/mssc-brewery-ws/mssc-beer-service/target/test-classes:/Users/55154M/IdeaProjects/mssc-brewery-ws/mssc-beer-service/target/classes:/Users/55154M/.m2/repository/org/springframework/boot/spring-boot-starter-validation/3.1.0/spring-boot-starter-validation-3.1.0.jar:/Users/55154M/.m2/repository/org/apache/tomcat/embed/tomcat-embed-el/10.1.8/tomcat-embed-el-10.1.8.jar:/Users/55154M/.m2/repository/org/hibernate/validator/hibernate-validator/8.0.0.Final/hibernate-validator-8.0.0.Final.jar:/Users/55154M/.m2/repository/jakarta/validation/jakarta.validation-api/3.0.2/jakarta.validation-api-3.0.2.jar:/Users/55154M/.m2/repository/org/jboss/logging/jboss-logging/3.5.0.Final/jboss-logging-3.5.0.Final.jar:/Users/55154M/.m2/repository/com/fasterxml/classmate/1.5.1/classmate-1.5.1.jar:/Users/55154M/.m2/repository/org/springframework/boot/spring-boot-starter-cache/3.1.0/spring-boot-starter-cache-3.1.0.jar:/Users/55154M/.m2/repository/org/springframework/spring-context-support/6.0.9/spring-context-support-6.0.9.jar:/Users/55154M/.m2/repository/org/springframework/spring-beans/6.0.9/spring-beans-6.0.9.jar:/Users/55154M/.m2/repository/org/springframework/spring-context/6.0.9/spring-context-6.0.9.jar:/Users/55154M/.m2/repository/org/springframework/restdocs/spring-restdocs-mockmvc/3.0.0/spring-restdocs-mockmvc-3.0.0.jar:/Users/55154M/.m2/repository/org/springframework/restdocs/spring-restdocs-core/3.0.0/spring-restdocs-core-3.0.0.jar:/Users/55154M/.m2/repository/com/fasterxml/jackson/core/jackson-databind/2.15.0/jackson-databind-2.15.0.jar:/Users/55154M/.m2/repository/com/fasterxml/jackson/core/jackson-annotations/2.15.0/jackson-annotations-2.15.0.jar:/Users/55154M/.m2/repository/com/fasterxml/jackson/core/jackson-core/2.15.0/jackson-core-2.15.0.jar:/Users/55154M/.m2/repository/org/springframework/spring-webmvc/6.0.9/spring-webmvc-6.0.9.jar:/Users/55154M/.m2/repository/org/springframework/spring-aop/6.0.9/spring-aop-6.0.9.jar:/Users/55154M/.m2/repository/org/springframework/spring-expression/6.0.9/spring-expression-6.0.9.jar:/Users/55154M/.m2/repository/org/springframework/spring-test/6.0.9/spring-test-6.0.9.jar:/Users/55154M/.m2/repository/jakarta/servlet/jakarta.servlet-api/6.0.0/jakarta.servlet-api-6.0.0.jar:/Users/55154M/.m2/repository/org/springframework/boot/spring-boot-starter/3.1.0/spring-boot-starter-3.1.0.jar:/Users/55154M/.m2/repository/org/springframework/boot/spring-boot/3.1.0/spring-boot-3.1.0.jar:/Users/55154M/.m2/repository/org/springframework/boot/spring-boot-autoconfigure/3.1.0/spring-boot-autoconfigure-3.1.0.jar:/Users/55154M/.m2/repository/org/springframework/boot/spring-boot-starter-logging/3.1.0/spring-boot-starter-logging-3.1.0.jar:/Users/55154M/.m2/repository/ch/qos/logback/logback-classic/1.4.7/logback-classic-1.4.7.jar:/Users/55154M/.m2/repository/ch/qos/logback/logback-core/1.4.7/logback-core-1.4.7.jar:/Users/55154M/.m2/repository/org/apache/logging/log4j/log4j-to-slf4j/2.20.0/log4j-to-slf4j-2.20.0.jar:/Users/55154M/.m2/repository/org/apache/logging/log4j/log4j-api/2.20.0/log4j-api-2.20.0.jar:/Users/55154M/.m2/repository/org/slf4j/jul-to-slf4j/2.0.7/jul-to-slf4j-2.0.7.jar:/Users/55154M/.m2/repository/jakarta/annotation/jakarta.annotation-api/2.1.1/jakarta.annotation-api-2.1.1.jar:/Users/55154M/.m2/repository/org/springframework/spring-core/6.0.9/spring-core-6.0.9.jar:/Users/55154M/.m2/repository/org/springframework/spring-jcl/6.0.9/spring-jcl-6.0.9.jar:/Users/55154M/.m2/repository/org/yaml/snakeyaml/1.33/snakeyaml-1.33.jar:/Users/55154M/.m2/repository/org/springframework/boot/spring-boot-starter-actuator/3.1.0/spring-boot-starter-actuator-3.1.0.jar:/Users/55154M/.m2/repository/org/springframework/boot/spring-boot-actuator-autoconfigure/3.1.0/spring-boot-actuator-autoconfigure-3.1.0.jar:/Users/55154M/.m2/repository/org/springframework/boot/spring-boot-actuator/3.1.0/spring-boot-actuator-3.1.0.jar:/Users/55154M/.m2/repository/com/fasterxml/jackson/datatype/jackson-datatype-jsr310/2.15.0/jackson-datatype-jsr310-2.15.0.jar:/Users/55154M/.m2/repository/io/micrometer/micrometer-observation/1.11.0/micrometer-observation-1.11.0.jar:/Users/55154M/.m2/repository/io/micrometer/micrometer-commons/1.11.0/micrometer-commons-1.11.0.jar:/Users/55154M/.m2/repository/io/micrometer/micrometer-core/1.11.0/micrometer-core-1.11.0.jar:/Users/55154M/.m2/repository/org/hdrhistogram/HdrHistogram/2.1.12/HdrHistogram-2.1.12.jar:/Users/55154M/.m2/repository/org/latencyutils/LatencyUtils/2.0.3/LatencyUtils-2.0.3.jar:/Users/55154M/.m2/repository/org/springframework/boot/spring-boot-starter-data-jpa/3.1.0/spring-boot-starter-data-jpa-3.1.0.jar:/Users/55154M/.m2/repository/org/springframework/boot/spring-boot-starter-aop/3.1.0/spring-boot-starter-aop-3.1.0.jar:/Users/55154M/.m2/repository/org/aspectj/aspectjweaver/1.9.19/aspectjweaver-1.9.19.jar:/Users/55154M/.m2/repository/org/springframework/boot/spring-boot-starter-jdbc/3.1.0/spring-boot-starter-jdbc-3.1.0.jar:/Users/55154M/.m2/repository/com/zaxxer/HikariCP/5.0.1/HikariCP-5.0.1.jar:/Users/55154M/.m2/repository/org/springframework/spring-jdbc/6.0.9/spring-jdbc-6.0.9.jar:/Users/55154M/.m2/repository/org/hibernate/orm/hibernate-core/6.2.2.Final/hibernate-core-6.2.2.Final.jar:/Users/55154M/.m2/repository/jakarta/persistence/jakarta.persistence-api/3.1.0/jakarta.persistence-api-3.1.0.jar:/Users/55154M/.m2/repository/org/hibernate/common/hibernate-commons-annotations/6.0.6.Final/hibernate-commons-annotations-6.0.6.Final.jar:/Users/55154M/.m2/repository/io/smallrye/jandex/3.0.5/jandex-3.0.5.jar:/Users/55154M/.m2/repository/net/bytebuddy/byte-buddy/1.14.4/byte-buddy-1.14.4.jar:/Users/55154M/.m2/repository/org/glassfish/jaxb/jaxb-runtime/4.0.2/jaxb-runtime-4.0.2.jar:/Users/55154M/.m2/repository/org/glassfish/jaxb/jaxb-core/4.0.2/jaxb-core-4.0.2.jar:/Users/55154M/.m2/repository/org/eclipse/angus/angus-activation/2.0.0/angus-activation-2.0.0.jar:/Users/55154M/.m2/repository/org/glassfish/jaxb/txw2/4.0.2/txw2-4.0.2.jar:/Users/55154M/.m2/repository/com/sun/istack/istack-commons-runtime/4.1.1/istack-commons-runtime-4.1.1.jar:/Users/55154M/.m2/repository/jakarta/inject/jakarta.inject-api/2.0.1/jakarta.inject-api-2.0.1.jar:/Users/55154M/.m2/repository/org/antlr/antlr4-runtime/4.10.1/antlr4-runtime-4.10.1.jar:/Users/55154M/.m2/repository/org/springframework/data/spring-data-jpa/3.1.0/spring-data-jpa-3.1.0.jar:/Users/55154M/.m2/repository/org/springframework/data/spring-data-commons/3.1.0/spring-data-commons-3.1.0.jar:/Users/55154M/.m2/repository/org/springframework/spring-orm/6.0.9/spring-orm-6.0.9.jar:/Users/55154M/.m2/repository/org/springframework/spring-tx/6.0.9/spring-tx-6.0.9.jar:/Users/55154M/.m2/repository/org/springframework/spring-aspects/6.0.9/spring-aspects-6.0.9.jar:/Users/55154M/.m2/repository/org/springframework/boot/spring-boot-starter-web/3.1.0/spring-boot-starter-web-3.1.0.jar:/Users/55154M/.m2/repository/org/springframework/boot/spring-boot-starter-json/3.1.0/spring-boot-starter-json-3.1.0.jar:/Users/55154M/.m2/repository/com/fasterxml/jackson/datatype/jackson-datatype-jdk8/2.15.0/jackson-datatype-jdk8-2.15.0.jar:/Users/55154M/.m2/repository/com/fasterxml/jackson/module/jackson-module-parameter-names/2.15.0/jackson-module-parameter-names-2.15.0.jar:/Users/55154M/.m2/repository/org/springframework/boot/spring-boot-starter-tomcat/3.1.0/spring-boot-starter-tomcat-3.1.0.jar:/Users/55154M/.m2/repository/org/apache/tomcat/embed/tomcat-embed-core/10.1.8/tomcat-embed-core-10.1.8.jar:/Users/55154M/.m2/repository/org/apache/tomcat/embed/tomcat-embed-websocket/10.1.8/tomcat-embed-websocket-10.1.8.jar:/Users/55154M/.m2/repository/org/springframework/spring-web/6.0.9/spring-web-6.0.9.jar:/Users/55154M/.m2/repository/org/springframework/boot/spring-boot-devtools/3.1.0/spring-boot-devtools-3.1.0.jar:/Users/55154M/.m2/repository/com/h2database/h2/2.1.214/h2-2.1.214.jar:/Users/55154M/.m2/repository/mysql/mysql-connector-java/8.0.30/mysql-connector-java-8.0.30.jar:/Users/55154M/.m2/repository/com/google/protobuf/protobuf-java/3.19.4/protobuf-java-3.19.4.jar:/Users/55154M/.m2/repository/org/mapstruct/mapstruct/1.5.3.Final/mapstruct-1.5.3.Final.jar:/Users/55154M/.m2/repository/org/projectlombok/lombok/1.18.26/lombok-1.18.26.jar:/Users/55154M/.m2/repository/org/springframework/boot/spring-boot-starter-artemis/3.1.0/spring-boot-starter-artemis-3.1.0.jar:/Users/55154M/.m2/repository/org/springframework/spring-jms/6.0.9/spring-jms-6.0.9.jar:/Users/55154M/.m2/repository/org/springframework/spring-messaging/6.0.9/spring-messaging-6.0.9.jar:/Users/55154M/.m2/repository/org/apache/activemq/artemis-jakarta-client/2.28.0/artemis-jakarta-client-2.28.0.jar:/Users/55154M/.m2/repository/org/apache/activemq/artemis-server/2.28.0/artemis-server-2.28.0.jar:/Users/55154M/.m2/repository/org/slf4j/slf4j-api/2.0.7/slf4j-api-2.0.7.jar:/Users/55154M/.m2/repository/com/google/guava/guava/30.1-jre/guava-30.1-jre.jar:/Users/55154M/.m2/repository/com/google/guava/failureaccess/1.0.1/failureaccess-1.0.1.jar:/Users/55154M/.m2/repository/org/apache/activemq/artemis-commons/2.28.0/artemis-commons-2.28.0.jar:/Users/55154M/.m2/repository/org/apache/activemq/artemis-selector/2.28.0/artemis-selector-2.28.0.jar:/Users/55154M/.m2/repository/org/apache/activemq/artemis-journal/2.28.0/artemis-journal-2.28.0.jar:/Users/55154M/.m2/repository/org/apache/activemq/artemis-jdbc-store/2.28.0/artemis-jdbc-store-2.28.0.jar:/Users/55154M/.m2/repository/org/apache/commons/commons-dbcp2/2.9.0/commons-dbcp2-2.9.0.jar:/Users/55154M/.m2/repository/org/apache/commons/commons-pool2/2.11.1/commons-pool2-2.11.1.jar:/Users/55154M/.m2/repository/org/apache/activemq/artemis-core-client/2.28.0/artemis-core-client-2.28.0.jar:/Users/55154M/.m2/repository/org/jgroups/jgroups/5.2.0.Final/jgroups-5.2.0.Final.jar:/Users/55154M/.m2/repository/io/netty/netty-handler-proxy/4.1.92.Final/netty-handler-proxy-4.1.92.Final.jar:/Users/55154M/.m2/repository/io/netty/netty-codec-socks/4.1.92.Final/netty-codec-socks-4.1.92.Final.jar:/Users/55154M/.m2/repository/org/apache/activemq/artemis-quorum-api/2.28.0/artemis-quorum-api-2.28.0.jar:/Users/55154M/.m2/repository/org/apache/activemq/activemq-artemis-native/2.0.0/activemq-artemis-native-2.0.0.jar:/Users/55154M/.m2/repository/org/jctools/jctools-core/2.1.2/jctools-core-2.1.2.jar:/Users/55154M/.m2/repository/io/netty/netty-buffer/4.1.92.Final/netty-buffer-4.1.92.Final.jar:/Users/55154M/.m2/repository/io/netty/netty-transport/4.1.92.Final/netty-transport-4.1.92.Final.jar:/Users/55154M/.m2/repository/io/netty/netty-resolver/4.1.92.Final/netty-resolver-4.1.92.Final.jar:/Users/55154M/.m2/repository/io/netty/netty-codec-http/4.1.92.Final/netty-codec-http-4.1.92.Final.jar:/Users/55154M/.m2/repository/io/netty/netty-common/4.1.92.Final/netty-common-4.1.92.Final.jar:/Users/55154M/.m2/repository/io/netty/netty-handler/4.1.92.Final/netty-handler-4.1.92.Final.jar:/Users/55154M/.m2/repository/io/netty/netty-transport-native-unix-common/4.1.92.Final/netty-transport-native-unix-common-4.1.92.Final.jar:/Users/55154M/.m2/repository/io/netty/netty-transport-native-epoll/4.1.92.Final/netty-transport-native-epoll-4.1.92.Final-linux-x86_64.jar:/Users/55154M/.m2/repository/io/netty/netty-transport-classes-epoll/4.1.92.Final/netty-transport-classes-epoll-4.1.92.Final.jar:/Users/55154M/.m2/repository/io/netty/netty-transport-native-kqueue/4.1.92.Final/netty-transport-native-kqueue-4.1.92.Final-osx-x86_64.jar:/Users/55154M/.m2/repository/io/netty/netty-transport-classes-kqueue/4.1.92.Final/netty-transport-classes-kqueue-4.1.92.Final.jar:/Users/55154M/.m2/repository/io/netty/netty-codec/4.1.92.Final/netty-codec-4.1.92.Final.jar:/Users/55154M/.m2/repository/commons-beanutils/commons-beanutils/1.9.4/commons-beanutils-1.9.4.jar:/Users/55154M/.m2/repository/commons-logging/commons-logging/1.2/commons-logging-1.2.jar:/Users/55154M/.m2/repository/commons-collections/commons-collections/3.2.2/commons-collections-3.2.2.jar:/Users/55154M/.m2/repository/org/apache/commons/commons-configuration2/2.8.0/commons-configuration2-2.8.0.jar:/Users/55154M/.m2/repository/org/apache/commons/commons-lang3/3.12.0/commons-lang3-3.12.0.jar:/Users/55154M/.m2/repository/org/apache/commons/commons-text/1.10.0/commons-text-1.10.0.jar:/Users/55154M/.m2/repository/org/apache/activemq/artemis-jms-server/2.28.0/artemis-jms-server-2.28.0.jar:/Users/55154M/.m2/repository/org/apache/activemq/artemis-jms-client/2.28.0/artemis-jms-client-2.28.0.jar:/Users/55154M/.m2/repository/org/apache/activemq/artemis-service-extensions/2.28.0/artemis-service-extensions-2.28.0.jar:/Users/55154M/.m2/repository/jakarta/jms/jakarta.jms-api/3.1.0/jakarta.jms-api-3.1.0.jar:/Users/55154M/.m2/repository/jakarta/transaction/jakarta.transaction-api/2.0.1/jakarta.transaction-api-2.0.1.jar:/Users/55154M/.m2/repository/org/junit/jupiter/junit-jupiter-api/5.9.3/junit-jupiter-api-5.9.3.jar:/Users/55154M/.m2/repository/org/opentest4j/opentest4j/1.2.0/opentest4j-1.2.0.jar:/Users/55154M/.m2/repository/org/junit/platform/junit-platform-commons/1.9.3/junit-platform-commons-1.9.3.jar:/Users/55154M/.m2/repository/org/apiguardian/apiguardian-api/1.1.2/apiguardian-api-1.1.2.jar:/Users/55154M/.m2/repository/org/mockito/mockito-junit-jupiter/5.3.1/mockito-junit-jupiter-5.3.1.jar:/Users/55154M/.m2/repository/org/mockito/mockito-core/5.3.1/mockito-core-5.3.1.jar:/Users/55154M/.m2/repository/net/bytebuddy/byte-buddy-agent/1.14.4/byte-buddy-agent-1.14.4.jar:/Users/55154M/.m2/repository/org/objenesis/objenesis/3.3/objenesis-3.3.jar:/Users/55154M/.m2/repository/org/springframework/boot/spring-boot-starter-test/3.1.0/spring-boot-starter-test-3.1.0.jar:/Users/55154M/.m2/repository/org/springframework/boot/spring-boot-test/3.1.0/spring-boot-test-3.1.0.jar:/Users/55154M/.m2/repository/org/springframework/boot/spring-boot-test-autoconfigure/3.1.0/spring-boot-test-autoconfigure-3.1.0.jar:/Users/55154M/.m2/repository/com/jayway/jsonpath/json-path/2.8.0/json-path-2.8.0.jar:/Users/55154M/.m2/repository/jakarta/xml/bind/jakarta.xml.bind-api/4.0.0/jakarta.xml.bind-api-4.0.0.jar:/Users/55154M/.m2/repository/jakarta/activation/jakarta.activation-api/2.1.2/jakarta.activation-api-2.1.2.jar:/Users/55154M/.m2/repository/net/minidev/json-smart/2.4.10/json-smart-2.4.10.jar:/Users/55154M/.m2/repository/net/minidev/accessors-smart/2.4.9/accessors-smart-2.4.9.jar:/Users/55154M/.m2/repository/org/ow2/asm/asm/9.3/asm-9.3.jar:/Users/55154M/.m2/repository/org/assertj/assertj-core/3.24.2/assertj-core-3.24.2.jar:/Users/55154M/.m2/repository/org/hamcrest/hamcrest/2.2/hamcrest-2.2.jar:/Users/55154M/.m2/repository/org/junit/jupiter/junit-jupiter/5.9.3/junit-jupiter-5.9.3.jar:/Users/55154M/.m2/repository/org/junit/jupiter/junit-jupiter-params/5.9.3/junit-jupiter-params-5.9.3.jar:/Users/55154M/.m2/repository/org/junit/jupiter/junit-jupiter-engine/5.9.3/junit-jupiter-engine-5.9.3.jar:/Users/55154M/.m2/repository/org/junit/platform/junit-platform-engine/1.9.3/junit-platform-engine-1.9.3.jar:/Users/55154M/.m2/repository/org/skyscreamer/jsonassert/1.5.1/jsonassert-1.5.1.jar:/Users/55154M/.m2/repository/com/vaadin/external/google/android-json/0.0.20131108.vaadin1/android-json-0.0.20131108.vaadin1.jar:/Users/55154M/.m2/repository/org/xmlunit/xmlunit-core/2.9.1/xmlunit-core-2.9.1.jar:"/>
    <property name="java.vm.vendor" value="Oracle Corporation"/>
    <property name="sun.arch.data.model" value="64"/>
    <property name="java.vendor.url" value="https://java.oracle.com/"/>
    <property name="user.timezone" value="Europe/Paris"/>
    <property name="org.jboss.logging.provider" value="slf4j"/>
    <property name="os.name" value="Mac OS X"/>
    <property name="java.vm.specification.version" value="17"/>
    <property name="sun.java.launcher" value="SUN_STANDARD"/>
    <property name="user.country" value="FR"/>
    <property name="sun.boot.library.path" value="/Library/Java/JavaVirtualMachines/jdk-17.jdk/Contents/Home/lib"/>
    <property name="sun.java.command" value="/Users/55154M/IdeaProjects/mssc-brewery-ws/mssc-beer-service/target/surefire/surefirebooter-20230714172112424_3.jar /Users/55154M/IdeaProjects/mssc-brewery-ws/mssc-beer-service/target/surefire 2023-07-14T17-21-12_382-jvmRun1 surefire-20230714172112424_1tmp surefire_0-20230714172112424_2tmp"/>
    <property name="http.nonProxyHosts" value="local|*.local|169.254/16|*.169.254/16"/>
    <property name="jdk.debug" value="release"/>
    <property name="surefire.test.class.path" value="/Users/55154M/IdeaProjects/mssc-brewery-ws/mssc-beer-service/target/test-classes:/Users/55154M/IdeaProjects/mssc-brewery-ws/mssc-beer-service/target/classes:/Users/55154M/.m2/repository/org/springframework/boot/spring-boot-starter-validation/3.1.0/spring-boot-starter-validation-3.1.0.jar:/Users/55154M/.m2/repository/org/apache/tomcat/embed/tomcat-embed-el/10.1.8/tomcat-embed-el-10.1.8.jar:/Users/55154M/.m2/repository/org/hibernate/validator/hibernate-validator/8.0.0.Final/hibernate-validator-8.0.0.Final.jar:/Users/55154M/.m2/repository/jakarta/validation/jakarta.validation-api/3.0.2/jakarta.validation-api-3.0.2.jar:/Users/55154M/.m2/repository/org/jboss/logging/jboss-logging/3.5.0.Final/jboss-logging-3.5.0.Final.jar:/Users/55154M/.m2/repository/com/fasterxml/classmate/1.5.1/classmate-1.5.1.jar:/Users/55154M/.m2/repository/org/springframework/boot/spring-boot-starter-cache/3.1.0/spring-boot-starter-cache-3.1.0.jar:/Users/55154M/.m2/repository/org/springframework/spring-context-support/6.0.9/spring-context-support-6.0.9.jar:/Users/55154M/.m2/repository/org/springframework/spring-beans/6.0.9/spring-beans-6.0.9.jar:/Users/55154M/.m2/repository/org/springframework/spring-context/6.0.9/spring-context-6.0.9.jar:/Users/55154M/.m2/repository/org/springframework/restdocs/spring-restdocs-mockmvc/3.0.0/spring-restdocs-mockmvc-3.0.0.jar:/Users/55154M/.m2/repository/org/springframework/restdocs/spring-restdocs-core/3.0.0/spring-restdocs-core-3.0.0.jar:/Users/55154M/.m2/repository/com/fasterxml/jackson/core/jackson-databind/2.15.0/jackson-databind-2.15.0.jar:/Users/55154M/.m2/repository/com/fasterxml/jackson/core/jackson-annotations/2.15.0/jackson-annotations-2.15.0.jar:/Users/55154M/.m2/repository/com/fasterxml/jackson/core/jackson-core/2.15.0/jackson-core-2.15.0.jar:/Users/55154M/.m2/repository/org/springframework/spring-webmvc/6.0.9/spring-webmvc-6.0.9.jar:/Users/55154M/.m2/repository/org/springframework/spring-aop/6.0.9/spring-aop-6.0.9.jar:/Users/55154M/.m2/repository/org/springframework/spring-expression/6.0.9/spring-expression-6.0.9.jar:/Users/55154M/.m2/repository/org/springframework/spring-test/6.0.9/spring-test-6.0.9.jar:/Users/55154M/.m2/repository/jakarta/servlet/jakarta.servlet-api/6.0.0/jakarta.servlet-api-6.0.0.jar:/Users/55154M/.m2/repository/org/springframework/boot/spring-boot-starter/3.1.0/spring-boot-starter-3.1.0.jar:/Users/55154M/.m2/repository/org/springframework/boot/spring-boot/3.1.0/spring-boot-3.1.0.jar:/Users/55154M/.m2/repository/org/springframework/boot/spring-boot-autoconfigure/3.1.0/spring-boot-autoconfigure-3.1.0.jar:/Users/55154M/.m2/repository/org/springframework/boot/spring-boot-starter-logging/3.1.0/spring-boot-starter-logging-3.1.0.jar:/Users/55154M/.m2/repository/ch/qos/logback/logback-classic/1.4.7/logback-classic-1.4.7.jar:/Users/55154M/.m2/repository/ch/qos/logback/logback-core/1.4.7/logback-core-1.4.7.jar:/Users/55154M/.m2/repository/org/apache/logging/log4j/log4j-to-slf4j/2.20.0/log4j-to-slf4j-2.20.0.jar:/Users/55154M/.m2/repository/org/apache/logging/log4j/log4j-api/2.20.0/log4j-api-2.20.0.jar:/Users/55154M/.m2/repository/org/slf4j/jul-to-slf4j/2.0.7/jul-to-slf4j-2.0.7.jar:/Users/55154M/.m2/repository/jakarta/annotation/jakarta.annotation-api/2.1.1/jakarta.annotation-api-2.1.1.jar:/Users/55154M/.m2/repository/org/springframework/spring-core/6.0.9/spring-core-6.0.9.jar:/Users/55154M/.m2/repository/org/springframework/spring-jcl/6.0.9/spring-jcl-6.0.9.jar:/Users/55154M/.m2/repository/org/yaml/snakeyaml/1.33/snakeyaml-1.33.jar:/Users/55154M/.m2/repository/org/springframework/boot/spring-boot-starter-actuator/3.1.0/spring-boot-starter-actuator-3.1.0.jar:/Users/55154M/.m2/repository/org/springframework/boot/spring-boot-actuator-autoconfigure/3.1.0/spring-boot-actuator-autoconfigure-3.1.0.jar:/Users/55154M/.m2/repository/org/springframework/boot/spring-boot-actuator/3.1.0/spring-boot-actuator-3.1.0.jar:/Users/55154M/.m2/repository/com/fasterxml/jackson/datatype/jackson-datatype-jsr310/2.15.0/jackson-datatype-jsr310-2.15.0.jar:/Users/55154M/.m2/repository/io/micrometer/micrometer-observation/1.11.0/micrometer-observation-1.11.0.jar:/Users/55154M/.m2/repository/io/micrometer/micrometer-commons/1.11.0/micrometer-commons-1.11.0.jar:/Users/55154M/.m2/repository/io/micrometer/micrometer-core/1.11.0/micrometer-core-1.11.0.jar:/Users/55154M/.m2/repository/org/hdrhistogram/HdrHistogram/2.1.12/HdrHistogram-2.1.12.jar:/Users/55154M/.m2/repository/org/latencyutils/LatencyUtils/2.0.3/LatencyUtils-2.0.3.jar:/Users/55154M/.m2/repository/org/springframework/boot/spring-boot-starter-data-jpa/3.1.0/spring-boot-starter-data-jpa-3.1.0.jar:/Users/55154M/.m2/repository/org/springframework/boot/spring-boot-starter-aop/3.1.0/spring-boot-starter-aop-3.1.0.jar:/Users/55154M/.m2/repository/org/aspectj/aspectjweaver/1.9.19/aspectjweaver-1.9.19.jar:/Users/55154M/.m2/repository/org/springframework/boot/spring-boot-starter-jdbc/3.1.0/spring-boot-starter-jdbc-3.1.0.jar:/Users/55154M/.m2/repository/com/zaxxer/HikariCP/5.0.1/HikariCP-5.0.1.jar:/Users/55154M/.m2/repository/org/springframework/spring-jdbc/6.0.9/spring-jdbc-6.0.9.jar:/Users/55154M/.m2/repository/org/hibernate/orm/hibernate-core/6.2.2.Final/hibernate-core-6.2.2.Final.jar:/Users/55154M/.m2/repository/jakarta/persistence/jakarta.persistence-api/3.1.0/jakarta.persistence-api-3.1.0.jar:/Users/55154M/.m2/repository/org/hibernate/common/hibernate-commons-annotations/6.0.6.Final/hibernate-commons-annotations-6.0.6.Final.jar:/Users/55154M/.m2/repository/io/smallrye/jandex/3.0.5/jandex-3.0.5.jar:/Users/55154M/.m2/repository/net/bytebuddy/byte-buddy/1.14.4/byte-buddy-1.14.4.jar:/Users/55154M/.m2/repository/org/glassfish/jaxb/jaxb-runtime/4.0.2/jaxb-runtime-4.0.2.jar:/Users/55154M/.m2/repository/org/glassfish/jaxb/jaxb-core/4.0.2/jaxb-core-4.0.2.jar:/Users/55154M/.m2/repository/org/eclipse/angus/angus-activation/2.0.0/angus-activation-2.0.0.jar:/Users/55154M/.m2/repository/org/glassfish/jaxb/txw2/4.0.2/txw2-4.0.2.jar:/Users/55154M/.m2/repository/com/sun/istack/istack-commons-runtime/4.1.1/istack-commons-runtime-4.1.1.jar:/Users/55154M/.m2/repository/jakarta/inject/jakarta.inject-api/2.0.1/jakarta.inject-api-2.0.1.jar:/Users/55154M/.m2/repository/org/antlr/antlr4-runtime/4.10.1/antlr4-runtime-4.10.1.jar:/Users/55154M/.m2/repository/org/springframework/data/spring-data-jpa/3.1.0/spring-data-jpa-3.1.0.jar:/Users/55154M/.m2/repository/org/springframework/data/spring-data-commons/3.1.0/spring-data-commons-3.1.0.jar:/Users/55154M/.m2/repository/org/springframework/spring-orm/6.0.9/spring-orm-6.0.9.jar:/Users/55154M/.m2/repository/org/springframework/spring-tx/6.0.9/spring-tx-6.0.9.jar:/Users/55154M/.m2/repository/org/springframework/spring-aspects/6.0.9/spring-aspects-6.0.9.jar:/Users/55154M/.m2/repository/org/springframework/boot/spring-boot-starter-web/3.1.0/spring-boot-starter-web-3.1.0.jar:/Users/55154M/.m2/repository/org/springframework/boot/spring-boot-starter-json/3.1.0/spring-boot-starter-json-3.1.0.jar:/Users/55154M/.m2/repository/com/fasterxml/jackson/datatype/jackson-datatype-jdk8/2.15.0/jackson-datatype-jdk8-2.15.0.jar:/Users/55154M/.m2/repository/com/fasterxml/jackson/module/jackson-module-parameter-names/2.15.0/jackson-module-parameter-names-2.15.0.jar:/Users/55154M/.m2/repository/org/springframework/boot/spring-boot-starter-tomcat/3.1.0/spring-boot-starter-tomcat-3.1.0.jar:/Users/55154M/.m2/repository/org/apache/tomcat/embed/tomcat-embed-core/10.1.8/tomcat-embed-core-10.1.8.jar:/Users/55154M/.m2/repository/org/apache/tomcat/embed/tomcat-embed-websocket/10.1.8/tomcat-embed-websocket-10.1.8.jar:/Users/55154M/.m2/repository/org/springframework/spring-web/6.0.9/spring-web-6.0.9.jar:/Users/55154M/.m2/repository/org/springframework/boot/spring-boot-devtools/3.1.0/spring-boot-devtools-3.1.0.jar:/Users/55154M/.m2/repository/com/h2database/h2/2.1.214/h2-2.1.214.jar:/Users/55154M/.m2/repository/mysql/mysql-connector-java/8.0.30/mysql-connector-java-8.0.30.jar:/Users/55154M/.m2/repository/com/google/protobuf/protobuf-java/3.19.4/protobuf-java-3.19.4.jar:/Users/55154M/.m2/repository/org/mapstruct/mapstruct/1.5.3.Final/mapstruct-1.5.3.Final.jar:/Users/55154M/.m2/repository/org/projectlombok/lombok/1.18.26/lombok-1.18.26.jar:/Users/55154M/.m2/repository/org/springframework/boot/spring-boot-starter-artemis/3.1.0/spring-boot-starter-artemis-3.1.0.jar:/Users/55154M/.m2/repository/org/springframework/spring-jms/6.0.9/spring-jms-6.0.9.jar:/Users/55154M/.m2/repository/org/springframework/spring-messaging/6.0.9/spring-messaging-6.0.9.jar:/Users/55154M/.m2/repository/org/apache/activemq/artemis-jakarta-client/2.28.0/artemis-jakarta-client-2.28.0.jar:/Users/55154M/.m2/repository/org/apache/activemq/artemis-server/2.28.0/artemis-server-2.28.0.jar:/Users/55154M/.m2/repository/org/slf4j/slf4j-api/2.0.7/slf4j-api-2.0.7.jar:/Users/55154M/.m2/repository/com/google/guava/guava/30.1-jre/guava-30.1-jre.jar:/Users/55154M/.m2/repository/com/google/guava/failureaccess/1.0.1/failureaccess-1.0.1.jar:/Users/55154M/.m2/repository/org/apache/activemq/artemis-commons/2.28.0/artemis-commons-2.28.0.jar:/Users/55154M/.m2/repository/org/apache/activemq/artemis-selector/2.28.0/artemis-selector-2.28.0.jar:/Users/55154M/.m2/repository/org/apache/activemq/artemis-journal/2.28.0/artemis-journal-2.28.0.jar:/Users/55154M/.m2/repository/org/apache/activemq/artemis-jdbc-store/2.28.0/artemis-jdbc-store-2.28.0.jar:/Users/55154M/.m2/repository/org/apache/commons/commons-dbcp2/2.9.0/commons-dbcp2-2.9.0.jar:/Users/55154M/.m2/repository/org/apache/commons/commons-pool2/2.11.1/commons-pool2-2.11.1.jar:/Users/55154M/.m2/repository/org/apache/activemq/artemis-core-client/2.28.0/artemis-core-client-2.28.0.jar:/Users/55154M/.m2/repository/org/jgroups/jgroups/5.2.0.Final/jgroups-5.2.0.Final.jar:/Users/55154M/.m2/repository/io/netty/netty-handler-proxy/4.1.92.Final/netty-handler-proxy-4.1.92.Final.jar:/Users/55154M/.m2/repository/io/netty/netty-codec-socks/4.1.92.Final/netty-codec-socks-4.1.92.Final.jar:/Users/55154M/.m2/repository/org/apache/activemq/artemis-quorum-api/2.28.0/artemis-quorum-api-2.28.0.jar:/Users/55154M/.m2/repository/org/apache/activemq/activemq-artemis-native/2.0.0/activemq-artemis-native-2.0.0.jar:/Users/55154M/.m2/repository/org/jctools/jctools-core/2.1.2/jctools-core-2.1.2.jar:/Users/55154M/.m2/repository/io/netty/netty-buffer/4.1.92.Final/netty-buffer-4.1.92.Final.jar:/Users/55154M/.m2/repository/io/netty/netty-transport/4.1.92.Final/netty-transport-4.1.92.Final.jar:/Users/55154M/.m2/repository/io/netty/netty-resolver/4.1.92.Final/netty-resolver-4.1.92.Final.jar:/Users/55154M/.m2/repository/io/netty/netty-codec-http/4.1.92.Final/netty-codec-http-4.1.92.Final.jar:/Users/55154M/.m2/repository/io/netty/netty-common/4.1.92.Final/netty-common-4.1.92.Final.jar:/Users/55154M/.m2/repository/io/netty/netty-handler/4.1.92.Final/netty-handler-4.1.92.Final.jar:/Users/55154M/.m2/repository/io/netty/netty-transport-native-unix-common/4.1.92.Final/netty-transport-native-unix-common-4.1.92.Final.jar:/Users/55154M/.m2/repository/io/netty/netty-transport-native-epoll/4.1.92.Final/netty-transport-native-epoll-4.1.92.Final-linux-x86_64.jar:/Users/55154M/.m2/repository/io/netty/netty-transport-classes-epoll/4.1.92.Final/netty-transport-classes-epoll-4.1.92.Final.jar:/Users/55154M/.m2/repository/io/netty/netty-transport-native-kqueue/4.1.92.Final/netty-transport-native-kqueue-4.1.92.Final-osx-x86_64.jar:/Users/55154M/.m2/repository/io/netty/netty-transport-classes-kqueue/4.1.92.Final/netty-transport-classes-kqueue-4.1.92.Final.jar:/Users/55154M/.m2/repository/io/netty/netty-codec/4.1.92.Final/netty-codec-4.1.92.Final.jar:/Users/55154M/.m2/repository/commons-beanutils/commons-beanutils/1.9.4/commons-beanutils-1.9.4.jar:/Users/55154M/.m2/repository/commons-logging/commons-logging/1.2/commons-logging-1.2.jar:/Users/55154M/.m2/repository/commons-collections/commons-collections/3.2.2/commons-collections-3.2.2.jar:/Users/55154M/.m2/repository/org/apache/commons/commons-configuration2/2.8.0/commons-configuration2-2.8.0.jar:/Users/55154M/.m2/repository/org/apache/commons/commons-lang3/3.12.0/commons-lang3-3.12.0.jar:/Users/55154M/.m2/repository/org/apache/commons/commons-text/1.10.0/commons-text-1.10.0.jar:/Users/55154M/.m2/repository/org/apache/activemq/artemis-jms-server/2.28.0/artemis-jms-server-2.28.0.jar:/Users/55154M/.m2/repository/org/apache/activemq/artemis-jms-client/2.28.0/artemis-jms-client-2.28.0.jar:/Users/55154M/.m2/repository/org/apache/activemq/artemis-service-extensions/2.28.0/artemis-service-extensions-2.28.0.jar:/Users/55154M/.m2/repository/jakarta/jms/jakarta.jms-api/3.1.0/jakarta.jms-api-3.1.0.jar:/Users/55154M/.m2/repository/jakarta/transaction/jakarta.transaction-api/2.0.1/jakarta.transaction-api-2.0.1.jar:/Users/55154M/.m2/repository/org/junit/jupiter/junit-jupiter-api/5.9.3/junit-jupiter-api-5.9.3.jar:/Users/55154M/.m2/repository/org/opentest4j/opentest4j/1.2.0/opentest4j-1.2.0.jar:/Users/55154M/.m2/repository/org/junit/platform/junit-platform-commons/1.9.3/junit-platform-commons-1.9.3.jar:/Users/55154M/.m2/repository/org/apiguardian/apiguardian-api/1.1.2/apiguardian-api-1.1.2.jar:/Users/55154M/.m2/repository/org/mockito/mockito-junit-jupiter/5.3.1/mockito-junit-jupiter-5.3.1.jar:/Users/55154M/.m2/repository/org/mockito/mockito-core/5.3.1/mockito-core-5.3.1.jar:/Users/55154M/.m2/repository/net/bytebuddy/byte-buddy-agent/1.14.4/byte-buddy-agent-1.14.4.jar:/Users/55154M/.m2/repository/org/objenesis/objenesis/3.3/objenesis-3.3.jar:/Users/55154M/.m2/repository/org/springframework/boot/spring-boot-starter-test/3.1.0/spring-boot-starter-test-3.1.0.jar:/Users/55154M/.m2/repository/org/springframework/boot/spring-boot-test/3.1.0/spring-boot-test-3.1.0.jar:/Users/55154M/.m2/repository/org/springframework/boot/spring-boot-test-autoconfigure/3.1.0/spring-boot-test-autoconfigure-3.1.0.jar:/Users/55154M/.m2/repository/com/jayway/jsonpath/json-path/2.8.0/json-path-2.8.0.jar:/Users/55154M/.m2/repository/jakarta/xml/bind/jakarta.xml.bind-api/4.0.0/jakarta.xml.bind-api-4.0.0.jar:/Users/55154M/.m2/repository/jakarta/activation/jakarta.activation-api/2.1.2/jakarta.activation-api-2.1.2.jar:/Users/55154M/.m2/repository/net/minidev/json-smart/2.4.10/json-smart-2.4.10.jar:/Users/55154M/.m2/repository/net/minidev/accessors-smart/2.4.9/accessors-smart-2.4.9.jar:/Users/55154M/.m2/repository/org/ow2/asm/asm/9.3/asm-9.3.jar:/Users/55154M/.m2/repository/org/assertj/assertj-core/3.24.2/assertj-core-3.24.2.jar:/Users/55154M/.m2/repository/org/hamcrest/hamcrest/2.2/hamcrest-2.2.jar:/Users/55154M/.m2/repository/org/junit/jupiter/junit-jupiter/5.9.3/junit-jupiter-5.9.3.jar:/Users/55154M/.m2/repository/org/junit/jupiter/junit-jupiter-params/5.9.3/junit-jupiter-params-5.9.3.jar:/Users/55154M/.m2/repository/org/junit/jupiter/junit-jupiter-engine/5.9.3/junit-jupiter-engine-5.9.3.jar:/Users/55154M/.m2/repository/org/junit/platform/junit-platform-engine/1.9.3/junit-platform-engine-1.9.3.jar:/Users/55154M/.m2/repository/org/skyscreamer/jsonassert/1.5.1/jsonassert-1.5.1.jar:/Users/55154M/.m2/repository/com/vaadin/external/google/android-json/0.0.20131108.vaadin1/android-json-0.0.20131108.vaadin1.jar:/Users/55154M/.m2/repository/org/xmlunit/xmlunit-core/2.9.1/xmlunit-core-2.9.1.jar:"/>
    <property name="sun.cpu.endian" value="little"/>
    <property name="user.home" value="/Users/55154M"/>
    <property name="user.language" value="fr"/>
    <property name="java.specification.vendor" value="Oracle Corporation"/>
    <property name="java.version.date" value="2023-01-17"/>
    <property name="java.home" value="/Library/Java/JavaVirtualMachines/jdk-17.jdk/Contents/Home"/>
    <property name="file.separator" value="/"/>
    <property name="basedir" value="/Users/55154M/IdeaProjects/mssc-brewery-ws/mssc-beer-service"/>
    <property name="java.vm.compressedOopsMode" value="Zero based"/>
    <property name="line.separator" value="&#10;"/>
    <property name="java.vm.specification.vendor" value="Oracle Corporation"/>
    <property name="java.specification.name" value="Java Platform API Specification"/>
    <property name="FILE_LOG_CHARSET" value="UTF-8"/>
    <property name="java.awt.headless" value="true"/>
    <property name="surefire.real.class.path" value="/Users/55154M/IdeaProjects/mssc-brewery-ws/mssc-beer-service/target/surefire/surefirebooter-20230714172112424_3.jar"/>
    <property name="sun.management.compiler" value="HotSpot 64-Bit Tiered Compilers"/>
    <property name="ftp.nonProxyHosts" value="local|*.local|169.254/16|*.169.254/16"/>
    <property name="java.runtime.version" value="17.0.6+9-LTS-190"/>
    <property name="user.name" value="55154M"/>
    <property name="path.separator" value=":"/>
    <property name="os.version" value="12.6.3"/>
    <property name="java.runtime.name" value="Java(TM) SE Runtime Environment"/>
    <property name="file.encoding" value="UTF-8"/>
    <property name="java.vm.name" value="Java HotSpot(TM) 64-Bit Server VM"/>
    <property name="localRepository" value="/Users/55154M/.m2/repository"/>
    <property name="java.vendor.url.bug" value="https://bugreport.java.com/bugreport/"/>
    <property name="java.io.tmpdir" value="/var/folders/f1/f4_jp82j0rdbcbv7hf0q3ttr0000gq/T/"/>
    <property name="idea.version" value="2022.3.3"/>
    <property name="java.version" value="17.0.6"/>
    <property name="user.dir" value="/Users/55154M/IdeaProjects/mssc-brewery-ws/mssc-beer-service"/>
    <property name="os.arch" value="aarch64"/>
    <property name="java.vm.specification.name" value="Java Virtual Machine Specification"/>
    <property name="PID" value="3789"/>
    <property name="CONSOLE_LOG_CHARSET" value="UTF-8"/>
    <property name="native.encoding" value="UTF-8"/>
    <property name="java.library.path" value="/Users/55154M/Library/Java/Extensions:/Library/Java/Extensions:/Network/Library/Java/Extensions:/System/Library/Java/Extensions:/usr/lib/java:."/>
    <property name="java.vm.info" value="mixed mode, sharing"/>
    <property name="java.vendor" value="Oracle Corporation"/>
    <property name="java.vm.version" value="17.0.6+9-LTS-190"/>
    <property name="sun.io.unicode.encoding" value="UnicodeBig"/>
    <property name="socksNonProxyHosts" value="local|*.local|169.254/16|*.169.254/16"/>
    <property name="java.class.version" value="61.0"/>
  </properties>
  <testcase name="testSnake" classname="guru.springframework.msscbeerservice.web.model.BeerJsonSnakeTest" time="0.009">
    <system-out><![CDATA[2023-07-14T17:21:14.382+02:00  INFO 3789 --- [           main] t.c.s.AnnotationConfigContextLoaderUtils : Could not detect default configuration classes for test class [guru.springframework.msscbeerservice.web.model.BeerJsonSnakeTest]: BeerJsonSnakeTest does not declare any static, non-private, non-final, nested classes annotated with @Configuration.
2023-07-14T17:21:14.393+02:00  INFO 3789 --- [           main] .b.t.c.SpringBootTestContextBootstrapper : Found @SpringBootConfiguration guru.springframework.msscbeerservice.MsscBeerServiceApplication for test class guru.springframework.msscbeerservice.web.model.BeerJsonSnakeTest

  .   ____          _            __ _ _
 /\\ / ___'_ __ _ _(_)_ __  __ _ \ \ \ \
( ( )\___ | '_ | '_| | '_ \/ _` | \ \ \ \
 \\/  ___)| |_)| | | | | || (_| |  ) ) ) )
  '  |____| .__|_| |_|_| |_\__, | / / / /
 =========|_|==============|___/=/_/_/_/
 :: Spring Boot ::                (v3.1.0)

2023-07-14T17:21:14.420+02:00  INFO 3789 --- [           main] g.s.m.web.model.BeerJsonSnakeTest        : Starting BeerJsonSnakeTest using Java 17.0.6 with PID 3789 (started by 55154M in /Users/55154M/IdeaProjects/mssc-brewery-ws/mssc-beer-service)
2023-07-14T17:21:14.421+02:00 DEBUG 3789 --- [           main] g.s.m.web.model.BeerJsonSnakeTest        : Running with Spring Boot v3.1.0, Spring v6.0.9
2023-07-14T17:21:14.421+02:00  INFO 3789 --- [           main] g.s.m.web.model.BeerJsonSnakeTest        : The following 1 profile is active: "snake"
2023-07-14T17:21:14.502+02:00  INFO 3789 --- [           main] g.s.m.web.model.BeerJsonSnakeTest        : Started BeerJsonSnakeTest in 0.107 seconds (process running for 2.026)
{"id":"3ba0e182-ca97-463d-a3f7-c059c657ccff","beer_name":"BeerName","beer_style":"Ale","upc":123123123123,"created_date":"2023-07-14T17:21:14.505502+02:00","last_updated_date":"2023-07-14T17:21:14.505578+02:00","my_local_date":"20230714","lol":"12.99"}
]]></system-out>
  </testcase>
</testsuite>